<?xml version="1.0" encoding="UTF-8"?>
<!-- Generated by org.testng.reporters.JUnitReportReporter -->
<testsuite skipped="0" hostname="LAPTOP-HC7TTO3K" name="com.week5.tests.JavaScripExeTest" tests="1" failures="0" timestamp="2021-12-23T16:33:11 IST" time="18.946" errors="0">
  <testcase name="JavaScriptExeTest" time="18.946" classname="com.week5.tests.JavaScripExeTest"/>
  <system-out/>
</testsuite> <!-- com.week5.tests.JavaScripExeTest -->
