<?xml version="1.0" encoding="UTF-8"?>
<!-- Generated by org.testng.reporters.JUnitReportReporter -->
<testsuite skipped="0" hostname="LAPTOP-HC7TTO3K" name="com.week5.tests.WebTableTest" tests="1" failures="0" timestamp="2021-12-23T22:10:42 IST" time="9.990" errors="0">
  <testcase name="testWebTableGetMaxPrevClose" time="9.990" classname="com.week5.tests.WebTableTest"/>
  <system-out/>
</testsuite> <!-- com.week5.tests.WebTableTest -->
